<?xml version="1.0" encoding="UTF-8"?>
<testsuite xmlns:xsi="http://www.w3.org/2001/XMLSchema-instance" xsi:noNamespaceSchemaLocation="https://maven.apache.org/surefire/maven-surefire-plugin/xsd/surefire-test-report.xsd" name="service.ServiceTest" time="0.598" tests="44" errors="0" skipped="0" failures="0">
  <properties>
    <property name="java.specification.version" value="15"/>
    <property name="sun.cpu.isalist" value="amd64"/>
    <property name="sun.jnu.encoding" value="Cp1252"/>
    <property name="java.class.path" value="C:\Users\sdumi\OneDrive\Desktop\gitSSVV\SSVV\MaxPointsParticipants\target\test-classes;C:\Users\sdumi\OneDrive\Desktop\gitSSVV\SSVV\MaxPointsParticipants\target\classes;C:\Users\sdumi\.m2\repository\junit\junit\4.12\junit-4.12.jar;C:\Users\sdumi\.m2\repository\org\hamcrest\hamcrest-core\1.3\hamcrest-core-1.3.jar;C:\Users\sdumi\.m2\repository\org\junit\jupiter\junit-jupiter\5.8.2\junit-jupiter-5.8.2.jar;C:\Users\sdumi\.m2\repository\org\junit\jupiter\junit-jupiter-api\5.8.2\junit-jupiter-api-5.8.2.jar;C:\Users\sdumi\.m2\repository\org\opentest4j\opentest4j\1.2.0\opentest4j-1.2.0.jar;C:\Users\sdumi\.m2\repository\org\junit\platform\junit-platform-commons\1.8.2\junit-platform-commons-1.8.2.jar;C:\Users\sdumi\.m2\repository\org\apiguardian\apiguardian-api\1.1.2\apiguardian-api-1.1.2.jar;C:\Users\sdumi\.m2\repository\org\junit\jupiter\junit-jupiter-params\5.8.2\junit-jupiter-params-5.8.2.jar;C:\Users\sdumi\.m2\repository\org\junit\jupiter\junit-jupiter-engine\5.8.2\junit-jupiter-engine-5.8.2.jar;C:\Users\sdumi\.m2\repository\org\junit\platform\junit-platform-engine\1.8.2\junit-platform-engine-1.8.2.jar;"/>
    <property name="java.vm.vendor" value="Oracle Corporation"/>
    <property name="sun.arch.data.model" value="64"/>
    <property name="user.variant" value=""/>
    <property name="java.vendor.url" value="https://java.oracle.com/"/>
    <property name="user.timezone" value="Europe/Bucharest"/>
    <property name="os.name" value="Windows 10"/>
    <property name="java.vm.specification.version" value="15"/>
    <property name="sun.java.launcher" value="SUN_STANDARD"/>
    <property name="user.country" value="US"/>
    <property name="sun.boot.library.path" value="C:\Program Files\Java\jdk-15\bin"/>
    <property name="sun.java.command" value="C:\Users\sdumi\AppData\Local\Temp\surefire14688954295263967401\surefirebooter18332488045924066641.jar C:\Users\sdumi\AppData\Local\Temp\surefire14688954295263967401 2022-03-29T14-16-46_142-jvmRun1 surefire8757090876646902681tmp surefire_010086585094991978663tmp"/>
    <property name="jdk.debug" value="release"/>
    <property name="surefire.test.class.path" value="C:\Users\sdumi\OneDrive\Desktop\gitSSVV\SSVV\MaxPointsParticipants\target\test-classes;C:\Users\sdumi\OneDrive\Desktop\gitSSVV\SSVV\MaxPointsParticipants\target\classes;C:\Users\sdumi\.m2\repository\junit\junit\4.12\junit-4.12.jar;C:\Users\sdumi\.m2\repository\org\hamcrest\hamcrest-core\1.3\hamcrest-core-1.3.jar;C:\Users\sdumi\.m2\repository\org\junit\jupiter\junit-jupiter\5.8.2\junit-jupiter-5.8.2.jar;C:\Users\sdumi\.m2\repository\org\junit\jupiter\junit-jupiter-api\5.8.2\junit-jupiter-api-5.8.2.jar;C:\Users\sdumi\.m2\repository\org\opentest4j\opentest4j\1.2.0\opentest4j-1.2.0.jar;C:\Users\sdumi\.m2\repository\org\junit\platform\junit-platform-commons\1.8.2\junit-platform-commons-1.8.2.jar;C:\Users\sdumi\.m2\repository\org\apiguardian\apiguardian-api\1.1.2\apiguardian-api-1.1.2.jar;C:\Users\sdumi\.m2\repository\org\junit\jupiter\junit-jupiter-params\5.8.2\junit-jupiter-params-5.8.2.jar;C:\Users\sdumi\.m2\repository\org\junit\jupiter\junit-jupiter-engine\5.8.2\junit-jupiter-engine-5.8.2.jar;C:\Users\sdumi\.m2\repository\org\junit\platform\junit-platform-engine\1.8.2\junit-platform-engine-1.8.2.jar;"/>
    <property name="sun.cpu.endian" value="little"/>
    <property name="user.home" value="C:\Users\sdumi"/>
    <property name="user.language" value="en"/>
    <property name="java.specification.vendor" value="Oracle Corporation"/>
    <property name="java.version.date" value="2020-09-15"/>
    <property name="java.home" value="C:\Program Files\Java\jdk-15"/>
    <property name="file.separator" value="\"/>
    <property name="basedir" value="C:\Users\sdumi\OneDrive\Desktop\gitSSVV\SSVV\MaxPointsParticipants"/>
    <property name="java.vm.compressedOopsMode" value="Zero based"/>
    <property name="line.separator" value="&#10;"/>
    <property name="java.vm.specification.vendor" value="Oracle Corporation"/>
    <property name="java.specification.name" value="Java Platform API Specification"/>
    <property name="surefire.real.class.path" value="C:\Users\sdumi\AppData\Local\Temp\surefire14688954295263967401\surefirebooter18332488045924066641.jar"/>
    <property name="user.script" value=""/>
    <property name="sun.management.compiler" value="HotSpot 64-Bit Tiered Compilers"/>
    <property name="java.runtime.version" value="15+36-1562"/>
    <property name="user.name" value="sdumi"/>
    <property name="path.separator" value=";"/>
    <property name="os.version" value="10.0"/>
    <property name="java.runtime.name" value="Java(TM) SE Runtime Environment"/>
    <property name="file.encoding" value="Cp1252"/>
    <property name="java.vm.name" value="Java HotSpot(TM) 64-Bit Server VM"/>
    <property name="localRepository" value="C:\Users\sdumi\.m2\repository"/>
    <property name="java.vendor.url.bug" value="https://bugreport.java.com/bugreport/"/>
    <property name="java.io.tmpdir" value="C:\Users\sdumi\AppData\Local\Temp\"/>
    <property name="idea.version" value="2020.3.2"/>
    <property name="java.version" value="15"/>
    <property name="user.dir" value="C:\Users\sdumi\OneDrive\Desktop\gitSSVV\SSVV\MaxPointsParticipants"/>
    <property name="os.arch" value="amd64"/>
    <property name="java.vm.specification.name" value="Java Virtual Machine Specification"/>
    <property name="sun.os.patch.level" value=""/>
    <property name="java.library.path" value="C:\Program Files\Java\jdk-15\bin;C:\WINDOWS\Sun\Java\bin;C:\WINDOWS\system32;C:\WINDOWS;C:\Windows\System32;C:\Windows\System32;."/>
    <property name="java.vm.info" value="mixed mode, sharing"/>
    <property name="java.vendor" value="Oracle Corporation"/>
    <property name="java.vm.version" value="15+36-1562"/>
    <property name="sun.io.unicode.encoding" value="UnicodeLittle"/>
    <property name="java.class.version" value="59.0"/>
  </properties>
  <testcase name="test_wrongStudentWithEmailWithMorePoints" classname="service.ServiceTest" time="0.175"/>
  <testcase name="test_correctStudentWithMaxIntMinus1" classname="service.ServiceTest" time="0.02"/>
  <testcase name="test_wrongStudentWithEmailWithOnlyPoints" classname="service.ServiceTest" time="0.021"/>
  <testcase name="test_correctStudentWithMaxIntMinus" classname="service.ServiceTest" time="0.01"/>
  <testcase name="test_idExceedsValue" classname="service.ServiceTest" time="0.01"/>
  <testcase name="test_correctStudentWithIdMaxInt" classname="service.ServiceTest" time="0.02"/>
  <testcase name="test_correctStudentWithNameWithLengthOne" classname="service.ServiceTest" time="0.01"/>
  <testcase name="test_emptyName" classname="service.ServiceTest" time="0.01"/>
  <testcase name="test_emailHasWrongLengthLess" classname="service.ServiceTest" time="0.01"/>
  <testcase name="test_emailHasWrongLengthMore" classname="service.ServiceTest" time="0.01"/>
  <testcase name="test_idNotNaturalNumber" classname="service.ServiceTest" time="0.011"/>
  <testcase name="test_correctStudent" classname="service.ServiceTest" time="0.008"/>
  <testcase name="test_correctStudentWithId0" classname="service.ServiceTest" time="0.02"/>
  <testcase name="test_wrongStudentWithProfNameWithDigitsAndLetter" classname="service.ServiceTest" time="0.002"/>
  <testcase name="test_wrongStudentWithProfNameWithDigits" classname="service.ServiceTest" time="0.01"/>
  <testcase name="test_nameTooLong" classname="service.ServiceTest" time="0.012"/>
  <testcase name="test_emailContainsNoAT" classname="service.ServiceTest" time="0.01"/>
  <testcase name="test_wrongNameFormat" classname="service.ServiceTest" time="0.008"/>
  <testcase name="test_correctStudentWithEmail2" classname="service.ServiceTest" time="0.002"/>
  <testcase name="test_correctStudentWithLeghth254" classname="service.ServiceTest" time="0.002"/>
  <testcase name="test_correctStudentWithLeghth255" classname="service.ServiceTest" time="0.018"/>
  <testcase name="test_correctStudentWithGroup0" classname="service.ServiceTest" time="0.002"/>
  <testcase name="test_correctStudentWithGroup1" classname="service.ServiceTest" time="0.011"/>
  <testcase name="test_professorNameEmpty" classname="service.ServiceTest" time="0.008"/>
  <testcase name="test_groupTooLarge" classname="service.ServiceTest" time="0"/>
  <testcase name="test_wrongStudentWithNameWithNonLettersAndLetter" classname="service.ServiceTest" time="0"/>
  <testcase name="test_wrongStudentWithProfNameWithLength256" classname="service.ServiceTest" time="0.015"/>
  <testcase name="test_wrongProfessorNameFormat" classname="service.ServiceTest" time="0.016"/>
  <testcase name="test_idNegative" classname="service.ServiceTest" time="0"/>
  <testcase name="test_wrongStudentWithNameWithNonLetters" classname="service.ServiceTest" time="0"/>
  <testcase name="test_correctStudentWithProfNameWithLength1" classname="service.ServiceTest" time="0.016"/>
  <testcase name="test_correctStudentWithProfNameWithLength4" classname="service.ServiceTest" time="0.015"/>
  <testcase name="test_correctStudentWithEmail" classname="service.ServiceTest" time="0"/>
  <testcase name="test_correctStudentWithName" classname="service.ServiceTest" time="0.016"/>
  <testcase name="test_wrongStudentWithEmailWithMoreAT" classname="service.ServiceTest" time="0"/>
  <testcase name="test_wrongStudentWithEmailWithOnlyAT" classname="service.ServiceTest" time="0.015"/>
  <testcase name="test_emailContainsNoPoint" classname="service.ServiceTest" time="0.007"/>
  <testcase name="test_correctStudentWithIdMaxIntMinusOne" classname="service.ServiceTest" time="0"/>
  <testcase name="test_wrongStudentWithNameWithLengthTwoHundredFiftySix" classname="service.ServiceTest" time="0.016"/>
  <testcase name="test_correctStudentWithProfNameWithLength254" classname="service.ServiceTest" time="0.015"/>
  <testcase name="test_professorNameTooLong" classname="service.ServiceTest" time="0"/>
  <testcase name="test_groupNegative" classname="service.ServiceTest" time="0.016"/>
  <testcase name="test_idAlreadyExists" classname="service.ServiceTest" time="0"/>
  <testcase name="test_correctStudentWithNameWithLengthTwoHundredFiftyFour" classname="service.ServiceTest" time="0"/>
</testsuite>